<?xml version="1.0" encoding="UTF-8"?>
<!-- Generated by org.testng.reporters.JUnitReportReporter -->
<testsuite hostname="DESKTOP-9I829TP" failures="0" tests="1" name="com.uk.zoopla.runner.ZooplaRunnerClass" time="22.050" errors="0" timestamp="03 Jan 2021 06:46:54 GMT" skipped="0">
  <testcase classname="com.uk.zoopla.runner.ZooplaRunnerClass" name="feature" time="22.050"/>
</testsuite> <!-- com.uk.zoopla.runner.ZooplaRunnerClass -->
