<?xml version="1.0" encoding="UTF-8"?>
<!-- Generated by org.testng.reporters.JUnitReportReporter -->
<testsuite hostname="DESKTOP-9I829TP" failures="0" tests="3" name="com.usa.testNg.CrossBrowserTesting" time="13.747" errors="0" timestamp="02 Dec 2020 04:50:49 GMT" skipped="0">
  <testcase classname="com.usa.testNg.CrossBrowserTesting" name="browserTesting" time="4.893"/>
  <testcase classname="com.usa.testNg.CrossBrowserTesting" name="browserTesting" time="3.975"/>
  <testcase classname="com.usa.testNg.CrossBrowserTesting" name="browserTesting" time="4.879"/>
</testsuite> <!-- com.usa.testNg.CrossBrowserTesting -->
